<?xml version="1.0" encoding="UTF-8"?>
<!-- Generated by org.testng.reporters.JUnitReportReporter -->
<testsuite skipped="0" hostname="HBADT4800618" name="assignment.TC4ValidateDashboard" tests="1" failures="0" timestamp="2021-11-14T15:42:32 IST" time="24.620" errors="0">
  <testcase name="validateDashboard" time="24.620" classname="assignment.TC4ValidateDashboard"/>
  <system-out/>
</testsuite> <!-- assignment.TC4ValidateDashboard -->
