<?xml version="1.0" encoding="UTF-8"?>
<!-- Generated by org.testng.reporters.JUnitReportReporter -->
<testsuite skipped="0" hostname="HBADT4800618" name="assignment.TC13PIMValidation" tests="1" failures="0" timestamp="2021-11-13T22:10:25 IST" time="19.376" errors="0">
  <testcase name="PIMTab" time="19.376" classname="assignment.TC13PIMValidation"/>
  <system-out>
    <![CDATA[User is on PIM TAB]]>
  </system-out>
</testsuite> <!-- assignment.TC13PIMValidation -->
