<?xml version="1.0" encoding="UTF-8"?>
<!-- Generated by org.testng.reporters.JUnitReportReporter -->
<testsuite skipped="0" hostname="HBADT4800618" name="assignment.TC5ValidateAdminLink" tests="1" failures="0" timestamp="2021-11-14T15:44:24 IST" time="28.632" errors="0">
  <testcase name="validateAdminLink" time="28.632" classname="assignment.TC5ValidateAdminLink"/>
  <system-out/>
</testsuite> <!-- assignment.TC5ValidateAdminLink -->
