<?xml version="1.0" encoding="UTF-8"?>
<!-- Generated by org.testng.reporters.JUnitReportReporter -->
<testsuite skipped="0" hostname="HBADT4800618" name="assignment.TC6BeforeSuite" tests="1" failures="0" timestamp="2021-11-13T18:26:25 IST" time="0.013" errors="0">
  <testcase name="TestURL" time="0.013" classname="assignment.TC6BeforeSuite"/>
  <system-out/>
</testsuite> <!-- assignment.TC6BeforeSuite -->
