<?xml version="1.0" encoding="UTF-8"?>
<!-- Generated by org.testng.reporters.JUnitReportReporter -->
<testsuite skipped="0" hostname="HBADT4800618" name="assignment.TC15XpathSelectorHighlight" tests="1" failures="0" timestamp="2021-11-13T23:17:20 IST" time="14.095" errors="0">
  <testcase name="highlighterElement" time="14.095" classname="assignment.TC15XpathSelectorHighlight"/>
  <system-out/>
</testsuite> <!-- assignment.TC15XpathSelectorHighlight -->
