<?xml version="1.0" encoding="UTF-8"?>
<!-- Generated by org.testng.reporters.JUnitReportReporter -->
<testsuite skipped="0" hostname="HBADT4800618" name="assignment.TC10DashboardHeading" tests="1" failures="0" timestamp="2021-11-13T20:57:51 IST" time="16.144" errors="0">
  <testcase name="DashBaord" time="16.144" classname="assignment.TC10DashboardHeading"/>
  <system-out>
    <![CDATA[User is on Tab = Dashboard]]>
  </system-out>
</testsuite> <!-- assignment.TC10DashboardHeading -->
