<?xml version="1.0" encoding="UTF-8"?>
<!-- Generated by org.testng.reporters.JUnitReportReporter -->
<testsuite skipped="0" hostname="HBADT4800618" name="assignment.TC14CSSHighlight" tests="1" failures="0" timestamp="2021-11-13T23:07:10 IST" time="13.700" errors="0">
  <testcase name="highlighterElement" time="13.700" classname="assignment.TC14CSSHighlight"/>
  <system-out/>
</testsuite> <!-- assignment.TC14CSSHighlight -->
