<?xml version="1.0" encoding="UTF-8"?>
<!-- Generated by org.testng.reporters.JUnitReportReporter -->
<testsuite skipped="0" hostname="HBADT4800618" name="assignment.TC3WebElement" tests="1" failures="0" timestamp="2021-11-14T15:28:01 IST" time="18.881" errors="0">
  <testcase name="loginPage" time="18.881" classname="assignment.TC3WebElement"/>
  <system-out>
    <![CDATA[Total Number of Images on Login Page using xpath are 5
Total Number of Images on Login Page using css are 5
Total Number of Links on Login Page using xpath are 6
Total Number of Links on Login Page using css are 6
Total Number of TextBoxes on Login Page using xpath are 2
Total Number of TextBoxes on Login Page using css are 2]]>
  </system-out>
</testsuite> <!-- assignment.TC3WebElement -->
