<?xml version="1.0" encoding="UTF-8"?>
<!-- Generated by org.testng.reporters.JUnitReportReporter -->
<testsuite skipped="0" hostname="HBADT4800618" name="assignment.TC7LoginUsingTest" tests="1" failures="0" timestamp="2021-11-14T16:08:19 IST" time="11.483" errors="0">
  <testcase name="login" time="11.483" classname="assignment.TC7LoginUsingTest"/>
  <system-out/>
</testsuite> <!-- assignment.TC7LoginUsingTest -->
